
   INFO  Nothing to migrate.  

Migration successful in authorization

   INFO  Seeding database.  


In RoleAlreadyExists.php line 11:
                                                  
  A role `admin` already exists for guard `web`.  
                                                  

Seeding failed in authorization
Seeding failed in authorization
Starting Kafka consumer...
Starting Kafka consumer...
Starting Kafka consumer...
%5|1720405333.628|REQTMOUT|rdkafka#consumer-1| [thrd:GroupCoordinator]: GroupCoordinator/1: Timed out HeartbeatRequest in flight (after 9685808ms, timeout #0)
%4|1720405333.628|REQTMOUT|rdkafka#consumer-1| [thrd:GroupCoordinator]: GroupCoordinator/1: Timed out 1 in-flight, 0 retry-queued, 0 out-queue, 0 partially-sent requests
%3|1720405333.628|FAIL|rdkafka#consumer-1| [thrd:GroupCoordinator]: GroupCoordinator: kafka:9092: 1 request(s) timed out: disconnect (after 74733093ms in state UP)
%3|1720405333.628|ERROR|rdkafka#consumer-1| [thrd:GroupCoordinator]: 2/2 brokers are down
%4|1720405333.832|SESSTMOUT|rdkafka#consumer-1| [thrd:main]: Consumer group session timed out (in join-state steady) after 9678712 ms without a successful response from the group coordinator (broker 1, last error was Success): revoking assignment and rejoining group
%4|1720405333.607|MAXPOLL|rdkafka#consumer-1| [thrd:main]: Application maximum poll interval (300000ms) exceeded by 9379897ms (adjust max.poll.interval.ms for long-running message processing): leaving group
%5|1720405333.628|REQTMOUT|rdkafka#consumer-1| [thrd:GroupCoordinator]: GroupCoordinator/1: Timed out HeartbeatRequest in flight (after 9690107ms, timeout #0)
%4|1720405333.628|REQTMOUT|rdkafka#consumer-1| [thrd:GroupCoordinator]: GroupCoordinator/1: Timed out 1 in-flight, 0 retry-queued, 0 out-queue, 0 partially-sent requests
%3|1720405333.628|FAIL|rdkafka#consumer-1| [thrd:GroupCoordinator]: GroupCoordinator: kafka:9092: 1 request(s) timed out: disconnect (after 74507327ms in state UP)
%3|1720405333.996|ERROR|rdkafka#consumer-1| [thrd:app]: rdkafka#consumer-1: GroupCoordinator: kafka:9092: 1 request(s) timed out: disconnect (after 74733093ms in state UP)
%4|1720405334.002|SESSTMOUT|rdkafka#consumer-1| [thrd:main]: Consumer group session timed out (in join-state steady) after 9687942 ms without a successful response from the group coordinator (broker 1, last error was Success): revoking assignment and rejoining group
%5|1720405333.995|REQTMOUT|rdkafka#consumer-1| [thrd:kafka:9092/bootstrap]: kafka:9092/1: Timed out FindCoordinatorRequest in flight (after 9690535ms, timeout #0)
%5|1720405333.995|REQTMOUT|rdkafka#consumer-1| [thrd:kafka:9092/bootstrap]: kafka:9092/1: Timed out FetchRequest in flight (after 9682185ms, timeout #1)
%4|1720405333.995|REQTMOUT|rdkafka#consumer-1| [thrd:kafka:9092/bootstrap]: kafka:9092/1: Timed out 2 in-flight, 0 retry-queued, 0 out-queue, 0 partially-sent requests
%3|1720405333.995|FAIL|rdkafka#consumer-1| [thrd:kafka:9092/bootstrap]: kafka:9092/1: 2 request(s) timed out: disconnect (after 74507697ms in state UP)
%3|1720405333.995|ERROR|rdkafka#consumer-1| [thrd:kafka:9092/bootstrap]: 2/2 brokers are down
{"message":"[CONSUMER] Error to consume message","context":{"message":{"err":-147,"topic_name":null,"timestamp":-1,"partition":0,"payload":"Application maximum poll interval (300000ms) exceeded by 9379897ms","len":66,"key":null,"offset":-1001,"headers":[],"opaque":null},"throwable":null},"level":400,"level_name":"ERROR","channel":"PHP-KAFKA-CONSUMER-ERROR","datetime":"2024-07-08T02:22:14.063924+00:00","extra":{"uid":"4224daa7c14fab38fed01fcf680dd6b7"}}
%5|1720405333.995|REQTMOUT|rdkafka#consumer-1| [thrd:GroupCoordinator]: GroupCoordinator/1: Timed out HeartbeatRequest in flight (after 9673315ms, timeout #0)
%4|1720405333.995|REQTMOUT|rdkafka#consumer-1| [thrd:GroupCoordinator]: GroupCoordinator/1: Timed out 1 in-flight, 0 retry-queued, 0 out-queue, 0 partially-sent requests
%3|1720405333.995|FAIL|rdkafka#consumer-1| [thrd:GroupCoordinator]: GroupCoordinator: kafka:9092: 1 request(s) timed out: disconnect (after 42007023ms in state UP)
%3|1720405333.995|ERROR|rdkafka#consumer-1| [thrd:app]: rdkafka#consumer-1: GroupCoordinator: kafka:9092: 1 request(s) timed out: disconnect (after 42007023ms in state UP)

In Consumer.php line 437:
                                                                            
  Local: Maximum application poll interval (max.poll.interval.ms) exceeded  
                                                                            

%3|1720405335.097|ERROR|rdkafka#consumer-1| [thrd:app]: rdkafka#consumer-1: GroupCoordinator: kafka:9092: 1 request(s) timed out: disconnect (after 74507327ms in state UP)
%3|1720405335.097|ERROR|rdkafka#consumer-1| [thrd:app]: rdkafka#consumer-1: kafka:9092/1: 2 request(s) timed out: disconnect (after 74507697ms in state UP)
Starting Kafka consumer...
%3|1720528716.104|FAIL|rdkafka#producer-2| [thrd:kafka:9092/bootstrap]: kafka:9092/bootstrap: Failed to resolve 'kafka:9092': Name or service not known (after 3300ms in state CONNECT)
%3|1720528716.104|ERROR|rdkafka#producer-2| [thrd:kafka:9092/bootstrap]: 1/1 brokers are down
%3|1720528716.104|FAIL|rdkafka#consumer-1| [thrd:kafka:9092/bootstrap]: kafka:9092/bootstrap: Failed to resolve 'kafka:9092': Name or service not known (after 3301ms in state CONNECT)
%3|1720528716.104|ERROR|rdkafka#consumer-1| [thrd:kafka:9092/bootstrap]: 1/1 brokers are down
%3|1720528716.104|ERROR|rdkafka#consumer-1| [thrd:app]: rdkafka#consumer-1: kafka:9092/bootstrap: Failed to resolve 'kafka:9092': Name or service not known (after 3301ms in state CONNECT)
%3|1720528721.090|FAIL|rdkafka#producer-2| [thrd:kafka:9092/bootstrap]: kafka:9092/bootstrap: Failed to resolve 'kafka:9092': Name or service not known (after 3286ms in state CONNECT, 1 identical error(s) suppressed)
%3|1720528721.090|FAIL|rdkafka#consumer-1| [thrd:kafka:9092/bootstrap]: kafka:9092/bootstrap: Failed to resolve 'kafka:9092': Name or service not known (after 3288ms in state CONNECT, 1 identical error(s) suppressed)
%3|1720528721.090|ERROR|rdkafka#consumer-1| [thrd:app]: rdkafka#consumer-1: kafka:9092/bootstrap: Failed to resolve 'kafka:9092': Name or service not known (after 3288ms in state CONNECT, 1 identical error(s) suppressed)
%3|1720528751.103|FAIL|rdkafka#consumer-1| [thrd:kafka:9092/bootstrap]: kafka:9092/bootstrap: Failed to resolve 'kafka:9092': Name or service not known (after 3302ms in state CONNECT, 6 identical error(s) suppressed)
%3|1720528751.103|ERROR|rdkafka#consumer-1| [thrd:app]: rdkafka#consumer-1: kafka:9092/bootstrap: Failed to resolve 'kafka:9092': Name or service not known (after 3302ms in state CONNECT, 6 identical error(s) suppressed)
%3|1720528751.132|FAIL|rdkafka#producer-2| [thrd:kafka:9092/bootstrap]: kafka:9092/bootstrap: Failed to resolve 'kafka:9092': Name or service not known (after 3328ms in state CONNECT, 6 identical error(s) suppressed)
%3|1720528786.091|FAIL|rdkafka#consumer-1| [thrd:kafka:9092/bootstrap]: kafka:9092/bootstrap: Failed to resolve 'kafka:9092': Name or service not known (after 3290ms in state CONNECT, 7 identical error(s) suppressed)
%3|1720528786.091|ERROR|rdkafka#consumer-1| [thrd:app]: rdkafka#consumer-1: kafka:9092/bootstrap: Failed to resolve 'kafka:9092': Name or service not known (after 3290ms in state CONNECT, 7 identical error(s) suppressed)
%3|1720528786.119|FAIL|rdkafka#producer-2| [thrd:kafka:9092/bootstrap]: kafka:9092/bootstrap: Failed to resolve 'kafka:9092': Name or service not known (after 3315ms in state CONNECT, 7 identical error(s) suppressed)
%3|1720528816.106|FAIL|rdkafka#consumer-1| [thrd:kafka:9092/bootstrap]: kafka:9092/bootstrap: Failed to resolve 'kafka:9092': Name or service not known (after 3307ms in state CONNECT, 6 identical error(s) suppressed)
%3|1720528816.106|ERROR|rdkafka#consumer-1| [thrd:app]: rdkafka#consumer-1: kafka:9092/bootstrap: Failed to resolve 'kafka:9092': Name or service not known (after 3307ms in state CONNECT, 6 identical error(s) suppressed)
%3|1720528821.095|FAIL|rdkafka#producer-2| [thrd:kafka:9092/bootstrap]: kafka:9092/bootstrap: Failed to resolve 'kafka:9092': Name or service not known (after 3292ms in state CONNECT, 7 identical error(s) suppressed)
%3|1720528846.127|FAIL|rdkafka#consumer-1| [thrd:kafka:9092/bootstrap]: kafka:9092/bootstrap: Failed to resolve 'kafka:9092': Name or service not known (after 3328ms in state CONNECT, 6 identical error(s) suppressed)
%3|1720528846.127|ERROR|rdkafka#consumer-1| [thrd:app]: rdkafka#consumer-1: kafka:9092/bootstrap: Failed to resolve 'kafka:9092': Name or service not known (after 3328ms in state CONNECT, 6 identical error(s) suppressed)
%3|1720528851.099|FAIL|rdkafka#producer-2| [thrd:kafka:9092/bootstrap]: kafka:9092/bootstrap: Failed to resolve 'kafka:9092': Name or service not known (after 3296ms in state CONNECT, 6 identical error(s) suppressed)
%3|1720528881.107|FAIL|rdkafka#producer-2| [thrd:kafka:9092/bootstrap]: kafka:9092/bootstrap: Failed to resolve 'kafka:9092': Name or service not known (after 3305ms in state CONNECT, 6 identical error(s) suppressed)
%3|1720528881.107|FAIL|rdkafka#consumer-1| [thrd:kafka:9092/bootstrap]: kafka:9092/bootstrap: Failed to resolve 'kafka:9092': Name or service not known (after 3309ms in state CONNECT, 7 identical error(s) suppressed)
%3|1720528881.108|ERROR|rdkafka#consumer-1| [thrd:app]: rdkafka#consumer-1: kafka:9092/bootstrap: Failed to resolve 'kafka:9092': Name or service not known (after 3309ms in state CONNECT, 7 identical error(s) suppressed)
%3|1720528916.104|FAIL|rdkafka#consumer-1| [thrd:kafka:9092/bootstrap]: kafka:9092/bootstrap: Failed to resolve 'kafka:9092': Name or service not known (after 3306ms in state CONNECT, 7 identical error(s) suppressed)
%3|1720528916.104|ERROR|rdkafka#consumer-1| [thrd:app]: rdkafka#consumer-1: kafka:9092/bootstrap: Failed to resolve 'kafka:9092': Name or service not known (after 3306ms in state CONNECT, 7 identical error(s) suppressed)
%3|1720528916.104|FAIL|rdkafka#producer-2| [thrd:kafka:9092/bootstrap]: kafka:9092/bootstrap: Failed to resolve 'kafka:9092': Name or service not known (after 3303ms in state CONNECT, 7 identical error(s) suppressed)
%3|1720528946.132|FAIL|rdkafka#producer-2| [thrd:kafka:9092/bootstrap]: kafka:9092/bootstrap: Failed to resolve 'kafka:9092': Name or service not known (after 3331ms in state CONNECT, 6 identical error(s) suppressed)
%3|1720528946.132|FAIL|rdkafka#consumer-1| [thrd:kafka:9092/bootstrap]: kafka:9092/bootstrap: Failed to resolve 'kafka:9092': Name or service not known (after 3336ms in state CONNECT, 6 identical error(s) suppressed)
%3|1720528946.132|ERROR|rdkafka#consumer-1| [thrd:app]: rdkafka#consumer-1: kafka:9092/bootstrap: Failed to resolve 'kafka:9092': Name or service not known (after 3336ms in state CONNECT, 6 identical error(s) suppressed)
%3|1720528976.131|FAIL|rdkafka#producer-2| [thrd:kafka:9092/bootstrap]: kafka:9092/bootstrap: Failed to resolve 'kafka:9092': Name or service not known (after 3330ms in state CONNECT, 6 identical error(s) suppressed)
%3|1720528976.131|FAIL|rdkafka#consumer-1| [thrd:kafka:9092/bootstrap]: kafka:9092/bootstrap: Failed to resolve 'kafka:9092': Name or service not known (after 3335ms in state CONNECT, 6 identical error(s) suppressed)
%3|1720528976.131|ERROR|rdkafka#consumer-1| [thrd:app]: rdkafka#consumer-1: kafka:9092/bootstrap: Failed to resolve 'kafka:9092': Name or service not known (after 3335ms in state CONNECT, 6 identical error(s) suppressed)
%3|1720529011.097|FAIL|rdkafka#producer-2| [thrd:kafka:9092/bootstrap]: kafka:9092/bootstrap: Failed to resolve 'kafka:9092': Name or service not known (after 3297ms in state CONNECT, 7 identical error(s) suppressed)
%3|1720529011.097|FAIL|rdkafka#consumer-1| [thrd:kafka:9092/bootstrap]: kafka:9092/bootstrap: Failed to resolve 'kafka:9092': Name or service not known (after 3302ms in state CONNECT, 7 identical error(s) suppressed)
%3|1720529011.097|ERROR|rdkafka#consumer-1| [thrd:app]: rdkafka#consumer-1: kafka:9092/bootstrap: Failed to resolve 'kafka:9092': Name or service not known (after 3302ms in state CONNECT, 7 identical error(s) suppressed)
%3|1720529046.091|FAIL|rdkafka#consumer-1| [thrd:kafka:9092/bootstrap]: kafka:9092/bootstrap: Failed to resolve 'kafka:9092': Name or service not known (after 3297ms in state CONNECT, 7 identical error(s) suppressed)
%3|1720529046.092|ERROR|rdkafka#consumer-1| [thrd:app]: rdkafka#consumer-1: kafka:9092/bootstrap: Failed to resolve 'kafka:9092': Name or service not known (after 3297ms in state CONNECT, 7 identical error(s) suppressed)
%3|1720529046.092|FAIL|rdkafka#producer-2| [thrd:kafka:9092/bootstrap]: kafka:9092/bootstrap: Failed to resolve 'kafka:9092': Name or service not known (after 3292ms in state CONNECT, 7 identical error(s) suppressed)
%3|1720529076.105|FAIL|rdkafka#producer-2| [thrd:kafka:9092/bootstrap]: kafka:9092/bootstrap: Failed to resolve 'kafka:9092': Name or service not known (after 3306ms in state CONNECT, 6 identical error(s) suppressed)
%3|1720529076.105|FAIL|rdkafka#consumer-1| [thrd:kafka:9092/bootstrap]: kafka:9092/bootstrap: Failed to resolve 'kafka:9092': Name or service not known (after 3311ms in state CONNECT, 6 identical error(s) suppressed)
%3|1720529076.105|ERROR|rdkafka#consumer-1| [thrd:app]: rdkafka#consumer-1: kafka:9092/bootstrap: Failed to resolve 'kafka:9092': Name or service not known (after 3311ms in state CONNECT, 6 identical error(s) suppressed)
%3|1720529106.104|FAIL|rdkafka#producer-2| [thrd:kafka:9092/bootstrap]: kafka:9092/bootstrap: Failed to resolve 'kafka:9092': Name or service not known (after 3306ms in state CONNECT, 6 identical error(s) suppressed)
%3|1720529106.104|FAIL|rdkafka#consumer-1| [thrd:kafka:9092/bootstrap]: kafka:9092/bootstrap: Failed to resolve 'kafka:9092': Name or service not known (after 3311ms in state CONNECT, 6 identical error(s) suppressed)
%3|1720529106.105|ERROR|rdkafka#consumer-1| [thrd:app]: rdkafka#consumer-1: kafka:9092/bootstrap: Failed to resolve 'kafka:9092': Name or service not known (after 3311ms in state CONNECT, 6 identical error(s) suppressed)
Starting Kafka consumer...
